<?xml version="1.0" encoding="UTF-8"?>
<testsuite xmlns:xsi="http://www.w3.org/2001/XMLSchema-instance" xsi:noNamespaceSchemaLocation="https://maven.apache.org/surefire/maven-surefire-plugin/xsd/surefire-test-report.xsd" name="MainTest" time="1.251" tests="3" errors="0" skipped="0" failures="0">
  <properties>
[...]
</properties>
  <testcase name="testIsPerfectNumber" classname="MainTest" time="0.032"/>
  <testcase name="testIsPalindrome" classname="MainTest" time="0.001"/>
  <testcase name="testNumberToWords" classname="MainTest" time="0.001"/>
</testsuite>